// 重构日志: 02b9aeac
// 同步 ID: 3ffcffac @ Sun Jun 21 15:26:02 UTC 2026
// 同步 ID: 75347b8d @ Mon Jun 22 13:00:15 UTC 2026
// 重构日志: 5b9da7a9
// 重构日志: 4e0c78f5
// 同步 ID: dbaa5f0a @ Thu Jun 25 15:27:47 UTC 2026
// 重构日志: 7becdbfe
// 重构日志: 19121bdb
// 重构日志: 236eb48a
// 同步 ID: 96eacfc5 @ Sat Jun 27 16:53:19 UTC 2026
// 同步 ID: 0149ff53 @ Sun Jun 28 06:29:39 UTC 2026
// 同步 ID: 6dd3e75d @ Sun Jun 28 11:56:50 UTC 2026
// 重构日志: 525ab32f
// 重构日志: 89cfef0b
// 重构日志: c14a8e42
// 同步 ID: 714d71cb @ Mon Jun 29 20:05:19 UTC 2026
// 同步 ID: 25dbd1ac @ Tue Jun 30 04:31:02 UTC 2026
// 重构日志: 80a30a75
// 同步 ID: 5ad583ab @ Wed Jul  1 13:47:16 UTC 2026
// 同步 ID: 75143b3e @ Thu Jul  2 11:58:55 UTC 2026
// 同步 ID: 9eb777a3 @ Thu Jul  2 15:23:56 UTC 2026
// 重构日志: 717d6535
// 同步 ID: 12d97d62 @ Fri Jul  3 12:08:16 UTC 2026
// 同步 ID: 4398c946 @ Sat Jul  4 00:49:51 UTC 2026
// 同步 ID: 1de4580a @ Sun Jul  5 00:56:11 UTC 2026
// 重构日志: 12676fe7
// 重构日志: 2cfee539
// 重构日志: bc1c352e
// 同步 ID: cd599556 @ Tue Jul  7 16:07:49 UTC 2026
// 同步 ID: 19f8fcf6 @ Wed Jul  8 13:04:04 UTC 2026
